<?xml version="1.0" encoding="UTF-8"?>
<testsuite xmlns:xsi="http://www.w3.org/2001/XMLSchema-instance" xsi:noNamespaceSchemaLocation="https://maven.apache.org/surefire/maven-surefire-plugin/xsd/surefire-test-report.xsd" name="at.ac.tuwien.sepm.assignment.individual.rentalcars.RentalTest" time="0.334" tests="8" errors="0" skipped="0" failures="0">
  <properties>
[...]
</properties>
  <testcase name="imageHandling" classname="at.ac.tuwien.sepm.assignment.individual.rentalcars.RentalTest" time="0.334"/>
  <testcase name="addNewOrderWithIncorrectLicenseInfo" classname="at.ac.tuwien.sepm.assignment.individual.rentalcars.RentalTest" time="0.255"/>
  <testcase name="addNewOrderWithLicenseInfoNeeded" classname="at.ac.tuwien.sepm.assignment.individual.rentalcars.RentalTest" time="0.264"/>
  <testcase name="testFinishOrderBeforeStarted" classname="at.ac.tuwien.sepm.assignment.individual.rentalcars.RentalTest" time="0.267"/>
  <testcase name="testVehicleAddWithLicenseAndMissingValues" classname="at.ac.tuwien.sepm.assignment.individual.rentalcars.RentalTest" time="0.261"/>
  <testcase name="testVehicleAddWithNoLicense" classname="at.ac.tuwien.sepm.assignment.individual.rentalcars.RentalTest" time="0.269"/>
  <testcase name="testFinishOrder" classname="at.ac.tuwien.sepm.assignment.individual.rentalcars.RentalTest" time="0.284"/>
  <testcase name="testEditVehicle" classname="at.ac.tuwien.sepm.assignment.individual.rentalcars.RentalTest" time="0.258"/>
</testsuite>